<?xml version="1.0" encoding="UTF-8"?>
<!-- Generated by org.testng.reporters.JUnitReportReporter -->
<testsuite skipped="0" hostname="PHMA2-0947" name="bdd.APIframework.AppTest" tests="1" failures="0" timestamp="2022-05-05T14:57:03 CST" time="0.008" errors="0">
  <testcase name="shouldAnswerWithTrue" time="0.008" classname="bdd.APIframework.AppTest"/>
  <system-out/>
</testsuite> <!-- bdd.APIframework.AppTest -->
